00:00 +0: loading C:/Users/rasche_j/Documents/workspace/everything-stack/integration_test/audio_pipeline_test.dart
Running Gradle task 'assembleDebug'...                          

FAILURE: Build failed with an exception.

* What went wrong:
A problem occurred configuring project ':isar_flutter_libs'.
> Could not create an instance of type com.android.build.api.variant.impl.LibraryVariantBuilderImpl.
   > Namespace not specified. Specify a namespace in the module's build file: C:\Users\rasche_j\AppData\Local\Pub\Cache\hosted\pub.dev\isar_flutter_libs-3.1.0+1\android\build.gradle. See https://d.android.com/r/tools/upgrade-assistant/set-namespace for information about setting the namespace.

     If you've specified the package attribute in the source AndroidManifest.xml, you can use the AGP Upgrade Assistant to migrate to the namespace value in the build file. Refer to https://d.android.com/r/tools/upgrade-assistant/agp-upgrade-assistant for general information about using the AGP Upgrade Assistant.

* Try:
> Run with --stacktrace option to get the stack trace.
> Run with --info or --debug option to get more log output.
> Run with --scan to get full insights.
> Get more help at https://help.gradle.org.

BUILD FAILED in 4m 52s
Running Gradle task 'assembleDebug'...                            293.5s
00:00 +0 -1: loading C:/Users/rasche_j/Documents/workspace/everything-stack/integration_test/audio_pipeline_test.dart [E]
  Failed to load "C:/Users/rasche_j/Documents/workspace/everything-stack/integration_test/audio_pipeline_test.dart": Gradle task assembleDebug failed with exit code 1
  package:flutter_tools/src/base/common.dart 34:3                    throwToolExit
  package:flutter_tools/src/android/gradle.dart 592:7                AndroidGradleBuilder.buildGradleApp
  ===== asynchronous gap ===========================
  package:flutter_tools/src/android/gradle.dart 234:5                AndroidGradleBuilder.buildApk
  ===== asynchronous gap ===========================
  package:flutter_tools/src/android/android_device.dart 568:7        AndroidDevice.startApp
  ===== asynchronous gap ===========================
  package:flutter_tools/src/test/integration_test_device.dart 57:39  IntegrationTestTestDevice.start
  ===== asynchronous gap ===========================
  package:flutter_tools/src/test/flutter_platform.dart 680:51        FlutterPlatform._startTest.<fn>
  ===== asynchronous gap ===========================
  package:flutter_tools/src/base/async_guard.dart 108:24             asyncGuard.<fn>
  
00:00 +0 -1: Some tests failed.
